-------------------------------------------------------------------------------
Test set: VariableTests
-------------------------------------------------------------------------------
Tests run: 2, Failures: 1, Errors: 0, Skipped: 0, Time elapsed: 0.053 s <<< FAILURE! - in VariableTests
VariableTests.learnTheVariablesValidCase  Time elapsed: 0.029 s  <<< FAILURE!
org.opentest4j.AssertionFailedError: expected: <10> but was: <12>
	at VariableTests.learnTheVariablesValidCase(VariableTests.java:15)

